[INFO] Writing metrics to C:\Users\pc\Graduation-Project\PubSub-Proactive-Microservices-Autoscaling\output\csv\mixed_4hour_metrics.csv
[INFO] Running for 250.0 minute(s) …
[POLL 0] 2026-04-03T15:18:03.965605+00:00
[POLL 1] 2026-04-03T15:18:33.968102+00:00
[POLL 2] 2026-04-03T15:19:03.968061+00:00
[POLL 3] 2026-04-03T15:19:33.971238+00:00
[POLL 4] 2026-04-03T15:20:03.970639+00:00
[POLL 5] 2026-04-03T15:20:33.969358+00:00
[POLL 6] 2026-04-03T15:21:03.964896+00:00
[INFO] catalogue: Constant latency pattern detected (p50=2.50ms, p95=4.75ms, p99=4.95ms)
       This is EXPECTED for very fast services (<5ms) due to Prometheus histogram bucket granularity.
       See output/CONSTANT_LATENCY_EXPLANATION.txt for details.
[POLL 7] 2026-04-03T15:21:33.975295+00:00
[POLL 8] 2026-04-03T15:22:03.966789+00:00
[POLL 9] 2026-04-03T15:22:33.965887+00:00
[POLL 10] 2026-04-03T15:23:03.967400+00:00
[POLL 11] 2026-04-03T15:23:33.971530+00:00
[INFO] shipping: Constant latency pattern detected (p50=2.50ms, p95=4.75ms, p99=4.95ms)
       This is EXPECTED for very fast services (<5ms) due to Prometheus histogram bucket granularity.
       See output/CONSTANT_LATENCY_EXPLANATION.txt for details.
[POLL 12] 2026-04-03T15:24:03.975003+00:00
[POLL 13] 2026-04-03T15:24:33.968523+00:00
[POLL 14] 2026-04-03T15:25:03.975600+00:00
[POLL 15] 2026-04-03T15:25:33.988567+00:00
[POLL 16] 2026-04-03T15:26:03.983584+00:00
[POLL 17] 2026-04-03T15:26:33.987332+00:00
[POLL 18] 2026-04-03T15:27:03.985455+00:00
[POLL 19] 2026-04-03T15:27:33.980596+00:00
[POLL 20] 2026-04-03T15:28:03.982351+00:00
[POLL 21] 2026-04-03T15:28:33.985630+00:00
[POLL 22] 2026-04-03T15:29:03.994392+00:00
[POLL 23] 2026-04-03T15:29:33.980330+00:00
[POLL 24] 2026-04-03T15:30:03.993935+00:00
[POLL 25] 2026-04-03T15:30:33.995021+00:00
[POLL 26] 2026-04-03T15:31:04.005720+00:00
[POLL 27] 2026-04-03T15:31:34.007671+00:00
[POLL 28] 2026-04-03T15:32:03.999065+00:00
[POLL 29] 2026-04-03T15:32:33.999495+00:00
[POLL 30] 2026-04-03T15:33:04.006363+00:00
[POLL 31] 2026-04-03T15:33:34.004685+00:00
[POLL 32] 2026-04-03T15:34:04.005850+00:00
[POLL 33] 2026-04-03T15:34:34.004598+00:00
[POLL 34] 2026-04-03T15:35:03.998443+00:00
[POLL 35] 2026-04-03T15:35:33.997403+00:00
[POLL 36] 2026-04-03T15:36:04.006567+00:00
[POLL 37] 2026-04-03T15:36:34.005335+00:00
[POLL 38] 2026-04-03T15:37:03.998969+00:00
[POLL 39] 2026-04-03T15:37:34.009954+00:00
[POLL 40] 2026-04-03T15:38:03.996818+00:00
[POLL 41] 2026-04-03T15:38:34.006551+00:00
[POLL 42] 2026-04-03T15:39:04.000143+00:00
[POLL 43] 2026-04-03T15:39:33.998793+00:00
[POLL 44] 2026-04-03T15:40:04.003845+00:00
[POLL 45] 2026-04-03T15:40:34.010026+00:00
[POLL 46] 2026-04-03T15:41:03.998472+00:00
[POLL 47] 2026-04-03T15:41:34.004409+00:00
[POLL 48] 2026-04-03T15:42:04.004702+00:00
[POLL 49] 2026-04-03T15:42:33.996479+00:00
[POLL 50] 2026-04-03T15:43:04.008633+00:00
[POLL 51] 2026-04-03T15:43:34.005594+00:00
[POLL 52] 2026-04-03T15:44:04.005423+00:00
[POLL 53] 2026-04-03T15:44:34.003214+00:00
[POLL 54] 2026-04-03T15:45:03.995980+00:00
[POLL 55] 2026-04-03T15:45:34.009040+00:00
[POLL 56] 2026-04-03T15:46:04.002836+00:00
[POLL 57] 2026-04-03T15:46:34.008896+00:00
[POLL 58] 2026-04-03T15:47:04.007943+00:00
[POLL 59] 2026-04-03T15:47:34.001949+00:00
[POLL 60] 2026-04-03T15:48:04.000632+00:00
[POLL 61] 2026-04-03T15:48:34.003673+00:00
[POLL 62] 2026-04-03T15:49:04.005345+00:00
[POLL 63] 2026-04-03T15:49:34.008087+00:00
[POLL 64] 2026-04-03T15:50:04.010413+00:00
[POLL 65] 2026-04-03T15:50:34.013552+00:00
[POLL 66] 2026-04-03T15:51:04.015294+00:00
[POLL 67] 2026-04-03T15:51:34.020941+00:00
[POLL 68] 2026-04-03T15:52:04.011831+00:00
[POLL 69] 2026-04-03T15:52:34.018251+00:00
[POLL 70] 2026-04-03T15:53:04.023427+00:00
[POLL 71] 2026-04-03T15:53:34.018113+00:00
[POLL 72] 2026-04-03T15:54:04.018959+00:00
[POLL 73] 2026-04-03T15:54:34.023131+00:00
[POLL 74] 2026-04-03T15:55:04.017290+00:00
[POLL 75] 2026-04-03T15:55:34.026439+00:00
[POLL 76] 2026-04-03T15:56:04.031703+00:00
[POLL 77] 2026-04-03T15:56:34.039475+00:00
[POLL 78] 2026-04-03T15:57:04.036143+00:00
[POLL 79] 2026-04-03T15:57:34.040235+00:00
[INFO] payment: Constant latency pattern detected (p50=2.50ms, p95=4.75ms, p99=4.95ms)
       This is EXPECTED for very fast services (<5ms) due to Prometheus histogram bucket granularity.
       See output/CONSTANT_LATENCY_EXPLANATION.txt for details.
[POLL 80] 2026-04-03T15:58:04.032099+00:00
[POLL 81] 2026-04-03T15:58:34.035039+00:00
[POLL 82] 2026-04-03T15:59:04.028808+00:00
[POLL 83] 2026-04-03T15:59:34.028692+00:00
[POLL 84] 2026-04-03T16:00:04.037416+00:00
[POLL 85] 2026-04-03T16:00:34.034240+00:00
[POLL 86] 2026-04-03T16:01:04.028104+00:00
[POLL 87] 2026-04-03T16:01:34.040026+00:00
[POLL 88] 2026-04-03T16:02:04.039651+00:00
[POLL 89] 2026-04-03T16:02:34.031126+00:00
[POLL 90] 2026-04-03T16:03:04.028320+00:00
[INFO] user: Constant latency pattern detected (p50=2.50ms, p95=4.75ms, p99=4.95ms)
       This is EXPECTED for very fast services (<5ms) due to Prometheus histogram bucket granularity.
       See output/CONSTANT_LATENCY_EXPLANATION.txt for details.
[POLL 91] 2026-04-03T16:03:34.028822+00:00
[POLL 92] 2026-04-03T16:04:04.035330+00:00
[POLL 93] 2026-04-03T16:04:34.032483+00:00
[POLL 94] 2026-04-03T16:05:04.038878+00:00
[POLL 95] 2026-04-03T16:05:34.041454+00:00
[POLL 96] 2026-04-03T16:06:04.027459+00:00
[POLL 97] 2026-04-03T16:06:34.030459+00:00
[POLL 98] 2026-04-03T16:07:04.037259+00:00
[POLL 99] 2026-04-03T16:07:34.030623+00:00
[POLL 100] 2026-04-03T16:08:04.036964+00:00
[POLL 101] 2026-04-03T16:08:34.034955+00:00
[POLL 102] 2026-04-03T16:09:04.041738+00:00
[POLL 103] 2026-04-03T16:09:34.050019+00:00
[POLL 104] 2026-04-03T16:10:04.051727+00:00
[POLL 105] 2026-04-03T16:10:34.049944+00:00
[POLL 106] 2026-04-03T16:11:04.050118+00:00
[POLL 107] 2026-04-03T16:11:34.048933+00:00
[POLL 108] 2026-04-03T16:12:04.044726+00:00
[POLL 109] 2026-04-03T16:12:34.049809+00:00
[POLL 110] 2026-04-03T16:13:04.055048+00:00
[POLL 111] 2026-04-03T16:13:34.056361+00:00
[POLL 112] 2026-04-03T16:14:04.052314+00:00
[POLL 113] 2026-04-03T16:14:34.048452+00:00
[POLL 114] 2026-04-03T16:15:04.047599+00:00
[POLL 115] 2026-04-03T16:15:34.046538+00:00
[POLL 116] 2026-04-03T16:16:04.043112+00:00
[POLL 117] 2026-04-03T16:16:34.046773+00:00
[POLL 118] 2026-04-03T16:17:04.051978+00:00
[POLL 119] 2026-04-03T16:17:34.053815+00:00
[POLL 120] 2026-04-03T16:18:04.047466+00:00
[POLL 121] 2026-04-03T16:18:34.051128+00:00
[POLL 122] 2026-04-03T16:19:04.054931+00:00
[POLL 123] 2026-04-03T16:19:34.057978+00:00
[POLL 124] 2026-04-03T16:20:04.059909+00:00
[POLL 125] 2026-04-03T16:20:34.072992+00:00
[POLL 126] 2026-04-03T16:21:04.074454+00:00
[POLL 127] 2026-04-03T16:21:34.076670+00:00
[POLL 128] 2026-04-03T16:22:04.086404+00:00
[POLL 129] 2026-04-03T16:22:34.078525+00:00
[POLL 130] 2026-04-03T16:23:04.076600+00:00
[POLL 131] 2026-04-03T16:23:34.082209+00:00
[POLL 132] 2026-04-03T16:24:04.080719+00:00
[POLL 133] 2026-04-03T16:24:34.079456+00:00
[POLL 134] 2026-04-03T16:25:04.073505+00:00
[POLL 135] 2026-04-03T16:25:34.089287+00:00
[POLL 136] 2026-04-03T16:26:04.102741+00:00
[POLL 137] 2026-04-03T16:26:34.094475+00:00
[POLL 138] 2026-04-03T16:27:04.097683+00:00
[POLL 139] 2026-04-03T16:27:34.101752+00:00
[POLL 140] 2026-04-03T16:28:04.094064+00:00
[POLL 141] 2026-04-03T16:28:34.095687+00:00
[POLL 142] 2026-04-03T16:29:04.103208+00:00
[POLL 143] 2026-04-03T16:29:34.090373+00:00
[POLL 144] 2026-04-03T16:30:04.104580+00:00
[POLL 145] 2026-04-03T16:30:34.105779+00:00
[POLL 146] 2026-04-03T16:31:04.118234+00:00
[POLL 147] 2026-04-03T16:31:34.108444+00:00
[POLL 148] 2026-04-03T16:32:04.119285+00:00
[POLL 149] 2026-04-03T16:32:34.109253+00:00
[POLL 150] 2026-04-03T16:33:04.108782+00:00
[POLL 151] 2026-04-03T16:33:34.106059+00:00
[POLL 152] 2026-04-03T16:34:04.113938+00:00
[POLL 153] 2026-04-03T16:34:34.112445+00:00
[POLL 154] 2026-04-03T16:35:04.118709+00:00
[POLL 155] 2026-04-03T16:35:34.120044+00:00
[POLL 156] 2026-04-03T16:36:04.131065+00:00
[POLL 157] 2026-04-03T16:36:34.131582+00:00
[POLL 158] 2026-04-03T16:37:04.126986+00:00
[POLL 159] 2026-04-03T16:37:34.124015+00:00
[POLL 160] 2026-04-03T16:38:04.126075+00:00
[POLL 161] 2026-04-03T16:38:34.126477+00:00
[POLL 162] 2026-04-03T16:39:04.124405+00:00
[POLL 163] 2026-04-03T16:39:34.122768+00:00
[POLL 164] 2026-04-03T16:40:04.124805+00:00
[POLL 165] 2026-04-03T16:40:34.127253+00:00
[POLL 166] 2026-04-03T16:41:04.123962+00:00
[POLL 167] 2026-04-03T16:41:34.122345+00:00
[POLL 168] 2026-04-03T16:42:04.121943+00:00
[POLL 169] 2026-04-03T16:42:34.126361+00:00
[POLL 170] 2026-04-03T16:43:04.123181+00:00
[POLL 171] 2026-04-03T16:43:34.120915+00:00
[POLL 172] 2026-04-03T16:44:04.132756+00:00
[POLL 173] 2026-04-03T16:44:34.129056+00:00
[POLL 174] 2026-04-03T16:45:04.134899+00:00
[POLL 175] 2026-04-03T16:45:34.124767+00:00
[POLL 176] 2026-04-03T16:46:04.122942+00:00
[POLL 177] 2026-04-03T16:46:34.121509+00:00
[POLL 178] 2026-04-03T16:47:04.135608+00:00
[POLL 179] 2026-04-03T16:47:34.145516+00:00
[POLL 180] 2026-04-03T16:48:04.139228+00:00
[POLL 181] 2026-04-03T16:48:34.136194+00:00
[POLL 182] 2026-04-03T16:49:04.152170+00:00
[POLL 183] 2026-04-03T16:49:34.157700+00:00
[POLL 184] 2026-04-03T16:50:04.154434+00:00
[POLL 185] 2026-04-03T16:50:34.157380+00:00
[POLL 186] 2026-04-03T16:51:04.156908+00:00
[POLL 187] 2026-04-03T16:51:34.152748+00:00
[POLL 188] 2026-04-03T16:52:04.163868+00:00
[POLL 189] 2026-04-03T16:52:34.151631+00:00
[POLL 190] 2026-04-03T16:53:04.157670+00:00
[POLL 191] 2026-04-03T16:53:34.154533+00:00
[POLL 192] 2026-04-03T16:54:04.152138+00:00
[POLL 193] 2026-04-03T16:54:34.158353+00:00
[POLL 194] 2026-04-03T16:55:04.165688+00:00
[POLL 195] 2026-04-03T16:55:34.153223+00:00
[POLL 196] 2026-04-03T16:56:04.152481+00:00
[POLL 197] 2026-04-03T16:56:34.157207+00:00
[POLL 198] 2026-04-03T16:57:04.157988+00:00
[POLL 199] 2026-04-03T16:57:34.154260+00:00
[POLL 200] 2026-04-03T16:58:04.158133+00:00
[POLL 201] 2026-04-03T16:58:34.163413+00:00
[POLL 202] 2026-04-03T16:59:04.155261+00:00
[POLL 203] 2026-04-03T16:59:34.165763+00:00
[POLL 204] 2026-04-03T17:00:04.156025+00:00
[POLL 205] 2026-04-03T17:00:34.156625+00:00
[POLL 206] 2026-04-03T17:01:04.165109+00:00
[POLL 207] 2026-04-03T17:01:34.158055+00:00
[POLL 208] 2026-04-03T17:02:04.165331+00:00
[POLL 209] 2026-04-03T17:02:34.159314+00:00
[POLL 210] 2026-04-03T17:03:04.153800+00:00
[POLL 211] 2026-04-03T17:03:34.162181+00:00
[POLL 212] 2026-04-03T17:04:04.161793+00:00
[POLL 213] 2026-04-03T17:04:34.163250+00:00
[POLL 214] 2026-04-03T17:05:04.157745+00:00
[POLL 215] 2026-04-03T17:05:34.156722+00:00
[POLL 216] 2026-04-03T17:06:04.153640+00:00
[POLL 217] 2026-04-03T17:06:34.164315+00:00
[POLL 218] 2026-04-03T17:07:04.153258+00:00
[POLL 219] 2026-04-03T17:07:34.158765+00:00
[POLL 220] 2026-04-03T17:08:04.157380+00:00
[POLL 221] 2026-04-03T17:08:34.161498+00:00
[POLL 222] 2026-04-03T17:09:04.163014+00:00
[POLL 223] 2026-04-03T17:09:34.162819+00:00
[POLL 224] 2026-04-03T17:10:04.154543+00:00
[POLL 225] 2026-04-03T17:10:34.153988+00:00
[POLL 226] 2026-04-03T17:11:04.163000+00:00
[POLL 227] 2026-04-03T17:11:34.154464+00:00
[POLL 228] 2026-04-03T17:12:04.165459+00:00
[POLL 229] 2026-04-03T17:12:34.166266+00:00
[POLL 230] 2026-04-03T17:13:04.152060+00:00
[POLL 231] 2026-04-03T17:13:34.157882+00:00
[POLL 232] 2026-04-03T17:14:04.157387+00:00
[POLL 233] 2026-04-03T17:14:34.158431+00:00
[POLL 234] 2026-04-03T17:15:04.154242+00:00
[POLL 235] 2026-04-03T17:15:34.163327+00:00
[POLL 236] 2026-04-03T17:16:04.161278+00:00
[POLL 237] 2026-04-03T17:16:34.152288+00:00
[POLL 238] 2026-04-03T17:17:04.162338+00:00
[POLL 239] 2026-04-03T17:17:34.154456+00:00
[POLL 240] 2026-04-03T17:18:04.166491+00:00
[POLL 241] 2026-04-03T17:18:34.154614+00:00
[POLL 242] 2026-04-03T17:19:04.160527+00:00
[POLL 243] 2026-04-03T17:19:34.161837+00:00
[POLL 244] 2026-04-03T17:20:04.163031+00:00
[POLL 245] 2026-04-03T17:20:34.165053+00:00
[POLL 246] 2026-04-03T17:21:04.158300+00:00
[POLL 247] 2026-04-03T17:21:34.161552+00:00
[POLL 248] 2026-04-03T17:22:04.153948+00:00
[POLL 249] 2026-04-03T17:22:34.166341+00:00
[POLL 250] 2026-04-03T17:23:04.159554+00:00
[POLL 251] 2026-04-03T17:23:34.165953+00:00
[POLL 252] 2026-04-03T17:24:04.157446+00:00
[POLL 253] 2026-04-03T17:24:34.163043+00:00
[POLL 254] 2026-04-03T17:25:04.160513+00:00
[POLL 255] 2026-04-03T17:25:34.154624+00:00
[POLL 256] 2026-04-03T17:26:04.154275+00:00
[POLL 257] 2026-04-03T17:26:34.165244+00:00
[POLL 258] 2026-04-03T17:27:04.167569+00:00
[POLL 259] 2026-04-03T17:27:34.181000+00:00
[POLL 260] 2026-04-03T17:28:04.170834+00:00
[POLL 261] 2026-04-03T17:28:34.169676+00:00
[POLL 262] 2026-04-03T17:29:04.168953+00:00
[POLL 263] 2026-04-03T17:29:34.170165+00:00
[POLL 264] 2026-04-03T17:30:04.182388+00:00
[POLL 265] 2026-04-03T17:30:34.188024+00:00
[POLL 266] 2026-04-03T17:31:04.190779+00:00
[POLL 267] 2026-04-03T17:31:34.194285+00:00
[POLL 268] 2026-04-03T17:32:04.195431+00:00
[POLL 269] 2026-04-03T17:32:34.194978+00:00
[POLL 270] 2026-04-03T17:33:04.190307+00:00
[POLL 271] 2026-04-03T17:33:34.194792+00:00
[POLL 272] 2026-04-03T17:34:04.191469+00:00
[POLL 273] 2026-04-03T17:34:34.194665+00:00
[POLL 274] 2026-04-03T17:35:04.188817+00:00
[POLL 275] 2026-04-03T17:35:34.191474+00:00
[POLL 276] 2026-04-03T17:36:04.190619+00:00
[POLL 277] 2026-04-03T17:36:34.192075+00:00
[POLL 278] 2026-04-03T17:37:04.183336+00:00
[POLL 279] 2026-04-03T17:37:34.189341+00:00
[POLL 280] 2026-04-03T17:38:04.185650+00:00
[POLL 281] 2026-04-03T17:38:34.199050+00:00
[POLL 282] 2026-04-03T17:39:04.200087+00:00
[POLL 283] 2026-04-03T17:39:34.212438+00:00
[POLL 284] 2026-04-03T17:40:04.210855+00:00
[POLL 285] 2026-04-03T17:40:34.208780+00:00
[POLL 286] 2026-04-03T17:41:04.202161+00:00
[POLL 287] 2026-04-03T17:41:34.201575+00:00
[POLL 288] 2026-04-03T17:42:04.203994+00:00
[POLL 289] 2026-04-03T17:42:34.212354+00:00
[POLL 290] 2026-04-03T17:43:04.210879+00:00
[POLL 291] 2026-04-03T17:43:34.199648+00:00
[POLL 292] 2026-04-03T17:44:04.209231+00:00
[POLL 293] 2026-04-03T17:44:34.209989+00:00
[POLL 294] 2026-04-03T17:45:04.209432+00:00
[POLL 295] 2026-04-03T17:45:34.212834+00:00
[POLL 296] 2026-04-03T17:46:04.205259+00:00
[POLL 297] 2026-04-03T17:46:34.203690+00:00
[POLL 298] 2026-04-03T17:47:04.213349+00:00
[POLL 299] 2026-04-03T17:47:34.211116+00:00
[POLL 300] 2026-04-03T17:48:04.203420+00:00
[POLL 301] 2026-04-03T17:48:34.205167+00:00
[POLL 302] 2026-04-03T17:49:04.200897+00:00
[POLL 303] 2026-04-03T17:49:34.213596+00:00
[POLL 304] 2026-04-03T17:50:04.218175+00:00
[POLL 305] 2026-04-03T17:50:34.223997+00:00
[POLL 306] 2026-04-03T17:51:04.226481+00:00
[POLL 307] 2026-04-03T17:51:34.215371+00:00
[POLL 308] 2026-04-03T17:52:04.224123+00:00
[POLL 309] 2026-04-03T17:52:34.226229+00:00
[POLL 310] 2026-04-03T17:53:04.228180+00:00
[POLL 311] 2026-04-03T17:53:34.222551+00:00
[POLL 312] 2026-04-03T17:54:04.220855+00:00
[POLL 313] 2026-04-03T17:54:34.229268+00:00
[POLL 314] 2026-04-03T17:55:04.230337+00:00
[POLL 315] 2026-04-03T17:55:34.233401+00:00
[POLL 316] 2026-04-03T17:56:04.240660+00:00
[POLL 317] 2026-04-03T17:56:34.239391+00:00
[POLL 318] 2026-04-03T17:57:04.230290+00:00
[POLL 319] 2026-04-03T17:57:34.235226+00:00
[POLL 320] 2026-04-03T17:58:04.240301+00:00
[POLL 321] 2026-04-03T17:58:34.231115+00:00
[POLL 322] 2026-04-03T17:59:04.237397+00:00
[POLL 323] 2026-04-03T17:59:34.232998+00:00
[POLL 324] 2026-04-03T18:00:04.231980+00:00
[POLL 325] 2026-04-03T18:00:34.236689+00:00
[POLL 326] 2026-04-03T18:01:04.229444+00:00
[POLL 327] 2026-04-03T18:01:34.243702+00:00
[POLL 328] 2026-04-03T18:02:04.236034+00:00
[POLL 329] 2026-04-03T18:02:34.240819+00:00
[POLL 330] 2026-04-03T18:03:04.241345+00:00
[POLL 331] 2026-04-03T18:03:34.238648+00:00
[POLL 332] 2026-04-03T18:04:04.239256+00:00
[POLL 333] 2026-04-03T18:04:34.231879+00:00
[POLL 334] 2026-04-03T18:05:04.233829+00:00
[POLL 335] 2026-04-03T18:05:34.232662+00:00
[POLL 336] 2026-04-03T18:06:04.236314+00:00
[POLL 337] 2026-04-03T18:06:34.230935+00:00
[POLL 338] 2026-04-03T18:07:04.243970+00:00
[POLL 339] 2026-04-03T18:07:34.230715+00:00
[POLL 340] 2026-04-03T18:08:04.230951+00:00
[POLL 341] 2026-04-03T18:08:34.241028+00:00
[POLL 342] 2026-04-03T18:09:04.236467+00:00
[POLL 343] 2026-04-03T18:09:34.241307+00:00
[POLL 344] 2026-04-03T18:10:04.244754+00:00
[POLL 345] 2026-04-03T18:10:34.237946+00:00
[POLL 346] 2026-04-03T18:11:04.242705+00:00
[POLL 347] 2026-04-03T18:11:34.242685+00:00
[POLL 348] 2026-04-03T18:12:04.238584+00:00
[POLL 349] 2026-04-03T18:12:34.230892+00:00
[POLL 350] 2026-04-03T18:13:04.230402+00:00
[POLL 351] 2026-04-03T18:13:34.243160+00:00
[POLL 352] 2026-04-03T18:14:04.244597+00:00
[POLL 353] 2026-04-03T18:14:34.229862+00:00
[POLL 354] 2026-04-03T18:15:04.230571+00:00
[POLL 355] 2026-04-03T18:15:34.236731+00:00
[POLL 356] 2026-04-03T18:16:04.231309+00:00
[POLL 357] 2026-04-03T18:16:34.236096+00:00
[POLL 358] 2026-04-03T18:17:04.231983+00:00
[POLL 359] 2026-04-03T18:17:34.242241+00:00
[POLL 360] 2026-04-03T18:18:04.235694+00:00
[POLL 361] 2026-04-03T18:18:34.231231+00:00
[POLL 362] 2026-04-03T18:19:04.235054+00:00
[POLL 363] 2026-04-03T18:19:34.243966+00:00
[POLL 364] 2026-04-03T18:20:04.242171+00:00
[POLL 365] 2026-04-03T18:20:34.241447+00:00
[POLL 366] 2026-04-03T18:21:04.240216+00:00
[POLL 367] 2026-04-03T18:21:34.234945+00:00
[POLL 368] 2026-04-03T18:22:04.234955+00:00
[POLL 369] 2026-04-03T18:22:34.242748+00:00
[POLL 370] 2026-04-03T18:23:04.235472+00:00
[POLL 371] 2026-04-03T18:23:34.242213+00:00
[POLL 372] 2026-04-03T18:24:04.245695+00:00
[POLL 373] 2026-04-03T18:24:34.253919+00:00
[POLL 374] 2026-04-03T18:25:04.249214+00:00
[POLL 375] 2026-04-03T18:25:34.254744+00:00
[POLL 376] 2026-04-03T18:26:04.245942+00:00
[POLL 377] 2026-04-03T18:26:34.257999+00:00
[POLL 378] 2026-04-03T18:27:04.260494+00:00
[POLL 379] 2026-04-03T18:27:34.268322+00:00
[POLL 380] 2026-04-03T18:28:04.272093+00:00
[POLL 381] 2026-04-03T18:28:34.264226+00:00
[POLL 382] 2026-04-03T18:29:04.276680+00:00
[POLL 383] 2026-04-03T18:29:34.290806+00:00
[POLL 384] 2026-04-03T18:30:04.285236+00:00
[POLL 385] 2026-04-03T18:30:34.278234+00:00
[POLL 386] 2026-04-03T18:31:04.282070+00:00
[POLL 387] 2026-04-03T18:31:34.291175+00:00
[POLL 388] 2026-04-03T18:32:04.276750+00:00
[POLL 389] 2026-04-03T18:32:34.283512+00:00
[POLL 390] 2026-04-03T18:33:04.283517+00:00
[POLL 391] 2026-04-03T18:33:34.292176+00:00
[POLL 392] 2026-04-03T18:34:04.307483+00:00
[POLL 393] 2026-04-03T18:34:34.322562+00:00
[POLL 394] 2026-04-03T18:35:04.318202+00:00
[POLL 395] 2026-04-03T18:35:34.322710+00:00
[POLL 396] 2026-04-03T18:36:04.311572+00:00
[POLL 397] 2026-04-03T18:36:34.319031+00:00
[POLL 398] 2026-04-03T18:37:04.318923+00:00
[POLL 399] 2026-04-03T18:37:34.323343+00:00
[POLL 400] 2026-04-03T18:38:04.338153+00:00
[POLL 401] 2026-04-03T18:38:34.334562+00:00
[POLL 402] 2026-04-03T18:39:04.331142+00:00
[POLL 403] 2026-04-03T18:39:34.336595+00:00
[POLL 404] 2026-04-03T18:40:04.324540+00:00
[POLL 405] 2026-04-03T18:40:34.338980+00:00
[POLL 406] 2026-04-03T18:41:04.341174+00:00
[POLL 407] 2026-04-03T18:41:34.343628+00:00
[POLL 408] 2026-04-03T18:42:04.340390+00:00
[POLL 409] 2026-04-03T18:42:34.343185+00:00
[POLL 410] 2026-04-03T18:43:04.353318+00:00
[POLL 411] 2026-04-03T18:43:34.347565+00:00
[POLL 412] 2026-04-03T18:44:04.350490+00:00
[POLL 413] 2026-04-03T18:44:34.353588+00:00
[POLL 414] 2026-04-03T18:45:04.349667+00:00
[POLL 415] 2026-04-03T18:45:34.352167+00:00
[POLL 416] 2026-04-03T18:46:04.343806+00:00
[POLL 417] 2026-04-03T18:46:34.343520+00:00
[POLL 418] 2026-04-03T18:47:04.340844+00:00
[POLL 419] 2026-04-03T18:47:34.344003+00:00
[POLL 420] 2026-04-03T18:48:04.345330+00:00
[POLL 421] 2026-04-03T18:48:34.342166+00:00
[POLL 422] 2026-04-03T18:49:04.347237+00:00
[POLL 423] 2026-04-03T18:49:34.341495+00:00
[POLL 424] 2026-04-03T18:50:04.340056+00:00
[POLL 425] 2026-04-03T18:50:34.340385+00:00
[POLL 426] 2026-04-03T18:51:04.352671+00:00
[POLL 427] 2026-04-03T18:51:34.340519+00:00
[POLL 428] 2026-04-03T18:52:04.340117+00:00
[POLL 429] 2026-04-03T18:52:34.344681+00:00
[POLL 430] 2026-04-03T18:53:04.352334+00:00
[POLL 431] 2026-04-03T18:53:34.343837+00:00
[POLL 432] 2026-04-03T18:54:04.348259+00:00
[POLL 433] 2026-04-03T18:54:34.345021+00:00
[POLL 434] 2026-04-03T18:55:04.345530+00:00
[POLL 435] 2026-04-03T18:55:34.342102+00:00
[POLL 436] 2026-04-03T18:56:04.344935+00:00
[POLL 437] 2026-04-03T18:56:34.342993+00:00
[POLL 438] 2026-04-03T18:57:04.352100+00:00
[POLL 439] 2026-04-03T18:57:34.353112+00:00
[POLL 440] 2026-04-03T18:58:04.346131+00:00
[POLL 441] 2026-04-03T18:58:34.353411+00:00
[POLL 442] 2026-04-03T18:59:04.343857+00:00
[POLL 443] 2026-04-03T18:59:34.344985+00:00
[POLL 444] 2026-04-03T19:00:04.340903+00:00
[POLL 445] 2026-04-03T19:00:34.354703+00:00
[POLL 446] 2026-04-03T19:01:04.356276+00:00
[POLL 447] 2026-04-03T19:01:34.357115+00:00
[POLL 448] 2026-04-03T19:02:04.368458+00:00
[POLL 449] 2026-04-03T19:02:34.361842+00:00
[POLL 450] 2026-04-03T19:03:04.359293+00:00
[POLL 451] 2026-04-03T19:03:34.357183+00:00
[POLL 452] 2026-04-03T19:04:04.357527+00:00
[POLL 453] 2026-04-03T19:04:34.365506+00:00
[POLL 454] 2026-04-03T19:05:04.358014+00:00
[POLL 455] 2026-04-03T19:05:34.364976+00:00
[POLL 456] 2026-04-03T19:06:04.353682+00:00
[POLL 457] 2026-04-03T19:06:34.355430+00:00
[POLL 458] 2026-04-03T19:07:04.355874+00:00
[POLL 459] 2026-04-03T19:07:34.358850+00:00
[POLL 460] 2026-04-03T19:08:04.361216+00:00
[POLL 461] 2026-04-03T19:08:34.362814+00:00
[POLL 462] 2026-04-03T19:09:04.355332+00:00
[POLL 463] 2026-04-03T19:09:34.365805+00:00
[POLL 464] 2026-04-03T19:10:04.365550+00:00
[POLL 465] 2026-04-03T19:10:34.357593+00:00
[POLL 466] 2026-04-03T19:11:04.362768+00:00
[POLL 467] 2026-04-03T19:11:34.367870+00:00
[POLL 468] 2026-04-03T19:12:04.364952+00:00
[POLL 469] 2026-04-03T19:12:34.360549+00:00
[POLL 470] 2026-04-03T19:13:04.356107+00:00
[POLL 471] 2026-04-03T19:13:34.369779+00:00
[POLL 472] 2026-04-03T19:14:04.379902+00:00
[POLL 473] 2026-04-03T19:14:34.376259+00:00
[POLL 474] 2026-04-03T19:15:04.372383+00:00
[POLL 475] 2026-04-03T19:15:34.385862+00:00
[POLL 476] 2026-04-03T19:16:04.392017+00:00
[POLL 477] 2026-04-03T19:16:34.399752+00:00
[POLL 478] 2026-04-03T19:17:04.391341+00:00
[POLL 479] 2026-04-03T19:17:34.385896+00:00
[POLL 480] 2026-04-03T19:18:04.386992+00:00
[POLL 481] 2026-04-03T19:18:34.398395+00:00
[POLL 482] 2026-04-03T19:19:04.387158+00:00
[POLL 483] 2026-04-03T19:19:34.389875+00:00
[POLL 484] 2026-04-03T19:20:04.387071+00:00
[POLL 485] 2026-04-03T19:20:34.389652+00:00
[POLL 486] 2026-04-03T19:21:04.387419+00:00
[POLL 487] 2026-04-03T19:21:34.389892+00:00
[POLL 488] 2026-04-03T19:22:04.393120+00:00
[POLL 489] 2026-04-03T19:22:34.396791+00:00
[POLL 490] 2026-04-03T19:23:04.393397+00:00
[POLL 491] 2026-04-03T19:23:34.386472+00:00
[POLL 492] 2026-04-03T19:24:04.398788+00:00
[POLL 493] 2026-04-03T19:24:34.388507+00:00
[POLL 494] 2026-04-03T19:25:04.390522+00:00
[POLL 495] 2026-04-03T19:25:34.400113+00:00
[POLL 496] 2026-04-03T19:26:04.399198+00:00
[POLL 497] 2026-04-03T19:26:34.400462+00:00
[POLL 498] 2026-04-03T19:27:04.401053+00:00
[POLL 499] 2026-04-03T19:27:34.413567+00:00
[INFO] Flushing 7 unlabelled row(s) from buffer …
[INFO] Done. Data written to C:\Users\pc\Graduation-Project\PubSub-Proactive-Microservices-Autoscaling\output\csv\mixed_4hour_metrics.csv
