[INFO] Writing metrics to C:\Users\pc\Graduation-Project\PubSub-Proactive-Microservices-Autoscaling\output\csv\hour_ramp_metrics.csv
[INFO] Running for 60.0 minute(s) …
[POLL 0] 2026-04-03T13:34:24.004922+00:00
[POLL 1] 2026-04-03T13:34:54.002502+00:00
[POLL 2] 2026-04-03T13:35:23.998846+00:00
[POLL 3] 2026-04-03T13:35:53.997335+00:00
[POLL 4] 2026-04-03T13:36:24.007670+00:00
[POLL 5] 2026-04-03T13:36:53.997128+00:00
[POLL 6] 2026-04-03T13:37:24.009321+00:00
[POLL 7] 2026-04-03T13:37:54.004625+00:00
[INFO] catalogue: Constant latency pattern detected (p50=2.50ms, p95=4.75ms, p99=4.95ms)
       This is EXPECTED for very fast services (<5ms) due to Prometheus histogram bucket granularity.
       See output/CONSTANT_LATENCY_EXPLANATION.txt for details.
[POLL 8] 2026-04-03T13:38:23.999551+00:00
[POLL 9] 2026-04-03T13:38:54.010466+00:00
[INFO] shipping: Constant latency pattern detected (p50=2.50ms, p95=4.75ms, p99=4.95ms)
       This is EXPECTED for very fast services (<5ms) due to Prometheus histogram bucket granularity.
       See output/CONSTANT_LATENCY_EXPLANATION.txt for details.
[POLL 10] 2026-04-03T13:39:24.023535+00:00
[POLL 11] 2026-04-03T13:39:54.013657+00:00
[POLL 12] 2026-04-03T13:40:24.016424+00:00
[POLL 13] 2026-04-03T13:40:54.012810+00:00
[INFO] payment: Constant latency pattern detected (p50=2.50ms, p95=4.75ms, p99=4.95ms)
       This is EXPECTED for very fast services (<5ms) due to Prometheus histogram bucket granularity.
       See output/CONSTANT_LATENCY_EXPLANATION.txt for details.
[POLL 14] 2026-04-03T13:41:24.018240+00:00
[POLL 15] 2026-04-03T13:41:54.023320+00:00
[POLL 16] 2026-04-03T13:42:24.023160+00:00
[POLL 17] 2026-04-03T13:42:54.013788+00:00
[POLL 18] 2026-04-03T13:43:24.016992+00:00
[POLL 19] 2026-04-03T13:43:54.021656+00:00
[POLL 20] 2026-04-03T13:44:24.018294+00:00
[POLL 21] 2026-04-03T13:44:54.014151+00:00
[POLL 22] 2026-04-03T13:45:24.019556+00:00
[INFO] user: Constant latency pattern detected (p50=2.50ms, p95=4.75ms, p99=4.95ms)
       This is EXPECTED for very fast services (<5ms) due to Prometheus histogram bucket granularity.
       See output/CONSTANT_LATENCY_EXPLANATION.txt for details.
[POLL 23] 2026-04-03T13:45:54.023562+00:00
[POLL 24] 2026-04-03T13:46:24.024773+00:00
[POLL 25] 2026-04-03T13:46:54.022756+00:00
[POLL 26] 2026-04-03T13:47:24.022632+00:00
[POLL 27] 2026-04-03T13:47:54.020264+00:00
[POLL 28] 2026-04-03T13:48:24.022961+00:00
[POLL 29] 2026-04-03T13:48:54.021169+00:00
[POLL 30] 2026-04-03T13:49:24.018671+00:00
[POLL 31] 2026-04-03T13:49:54.019913+00:00
[POLL 32] 2026-04-03T13:50:24.017843+00:00
[POLL 33] 2026-04-03T13:50:54.018031+00:00
[POLL 34] 2026-04-03T13:51:24.018405+00:00
[POLL 35] 2026-04-03T13:51:54.021939+00:00
[POLL 36] 2026-04-03T13:52:24.025908+00:00
[POLL 37] 2026-04-03T13:52:54.023388+00:00
[POLL 38] 2026-04-03T13:53:24.018721+00:00
[POLL 39] 2026-04-03T13:53:54.011705+00:00
[POLL 40] 2026-04-03T13:54:24.015286+00:00
[POLL 41] 2026-04-03T13:54:54.012070+00:00
[POLL 42] 2026-04-03T13:55:24.012324+00:00
[POLL 43] 2026-04-03T13:55:54.013856+00:00
[POLL 44] 2026-04-03T13:56:24.016468+00:00
[POLL 45] 2026-04-03T13:56:54.023169+00:00
[POLL 46] 2026-04-03T13:57:24.014259+00:00
[POLL 47] 2026-04-03T13:57:54.023602+00:00
[POLL 48] 2026-04-03T13:58:24.025996+00:00
[POLL 49] 2026-04-03T13:58:54.011214+00:00
[POLL 50] 2026-04-03T13:59:24.017412+00:00
[POLL 51] 2026-04-03T13:59:54.014398+00:00
[POLL 52] 2026-04-03T14:00:24.022046+00:00
[POLL 53] 2026-04-03T14:00:54.019175+00:00
[POLL 54] 2026-04-03T14:01:24.020419+00:00
[POLL 55] 2026-04-03T14:01:54.024081+00:00
[POLL 56] 2026-04-03T14:02:24.024530+00:00
[POLL 57] 2026-04-03T14:02:54.018807+00:00
[POLL 58] 2026-04-03T14:03:24.019410+00:00
[POLL 59] 2026-04-03T14:03:54.013411+00:00
[POLL 60] 2026-04-03T14:04:24.021739+00:00
[POLL 61] 2026-04-03T14:04:54.014889+00:00
[POLL 62] 2026-04-03T14:05:24.016681+00:00
[POLL 63] 2026-04-03T14:05:54.021935+00:00
[POLL 64] 2026-04-03T14:06:24.014718+00:00
[POLL 65] 2026-04-03T14:06:54.023266+00:00
[POLL 66] 2026-04-03T14:07:24.021001+00:00
[POLL 67] 2026-04-03T14:07:54.012616+00:00
[POLL 68] 2026-04-03T14:08:24.015684+00:00
[POLL 69] 2026-04-03T14:08:54.025656+00:00
[POLL 70] 2026-04-03T14:09:24.019476+00:00
[POLL 71] 2026-04-03T14:09:54.019173+00:00
[POLL 72] 2026-04-03T14:10:24.017377+00:00
[POLL 73] 2026-04-03T14:10:54.016586+00:00
[POLL 74] 2026-04-03T14:11:24.024831+00:00
[POLL 75] 2026-04-03T14:11:54.015377+00:00
[POLL 76] 2026-04-03T14:12:24.016285+00:00
[POLL 77] 2026-04-03T14:12:54.011817+00:00
[POLL 78] 2026-04-03T14:13:24.018416+00:00
[POLL 79] 2026-04-03T14:13:54.021416+00:00
[POLL 80] 2026-04-03T14:14:24.017424+00:00
[POLL 81] 2026-04-03T14:14:54.020307+00:00
[POLL 82] 2026-04-03T14:15:24.017208+00:00
[POLL 83] 2026-04-03T14:15:54.026044+00:00
[POLL 84] 2026-04-03T14:16:24.039332+00:00
[POLL 85] 2026-04-03T14:16:54.028359+00:00
[POLL 86] 2026-04-03T14:17:24.035231+00:00
[POLL 87] 2026-04-03T14:17:54.029797+00:00
[POLL 88] 2026-04-03T14:18:24.033573+00:00
[POLL 89] 2026-04-03T14:18:54.033958+00:00
[POLL 90] 2026-04-03T14:19:24.032766+00:00
[POLL 91] 2026-04-03T14:19:54.027705+00:00
[POLL 92] 2026-04-03T14:20:24.041302+00:00
[POLL 93] 2026-04-03T14:20:54.027553+00:00
[POLL 94] 2026-04-03T14:21:24.038026+00:00
[POLL 95] 2026-04-03T14:21:54.039265+00:00
[POLL 96] 2026-04-03T14:22:24.040314+00:00
[POLL 97] 2026-04-03T14:22:54.031028+00:00
[POLL 98] 2026-04-03T14:23:24.027214+00:00
[POLL 99] 2026-04-03T14:23:54.031235+00:00
[POLL 100] 2026-04-03T14:24:24.029891+00:00
[POLL 101] 2026-04-03T14:24:54.034489+00:00
[POLL 102] 2026-04-03T14:25:24.031890+00:00
[POLL 103] 2026-04-03T14:25:54.035347+00:00
[POLL 104] 2026-04-03T14:26:24.036269+00:00
[POLL 105] 2026-04-03T14:26:54.033096+00:00
[POLL 106] 2026-04-03T14:27:24.026652+00:00
[POLL 107] 2026-04-03T14:27:54.027824+00:00
[POLL 108] 2026-04-03T14:28:24.028479+00:00
[POLL 109] 2026-04-03T14:28:54.035959+00:00
[POLL 110] 2026-04-03T14:29:24.042666+00:00
[POLL 111] 2026-04-03T14:29:54.055773+00:00
[POLL 112] 2026-04-03T14:30:24.050013+00:00
[POLL 113] 2026-04-03T14:30:54.057720+00:00
[POLL 114] 2026-04-03T14:31:24.065494+00:00
[POLL 115] 2026-04-03T14:31:54.074021+00:00
[POLL 116] 2026-04-03T14:32:24.074368+00:00
[POLL 117] 2026-04-03T14:32:54.080685+00:00
[POLL 118] 2026-04-03T14:33:24.077534+00:00
[POLL 119] 2026-04-03T14:33:54.075164+00:00
[INFO] Flushing 7 unlabelled row(s) from buffer …
[INFO] Done. Data written to C:\Users\pc\Graduation-Project\PubSub-Proactive-Microservices-Autoscaling\output\csv\hour_ramp_metrics.csv
