[2026-04-03 19:18:54,855] DESKTOP-752GEA4/INFO/locust.main: Starting Locust 2.43.4
[2026-04-03 19:18:54,855] DESKTOP-752GEA4/WARNING/locust.main: --run-time, --users or --spawn-rate have no impact on LoadShapes unless the shape class explicitly reads them. See: docs.locust.io/en/stable/custom-load-shape.html#use-common-options
[2026-04-03 19:18:54,855] DESKTOP-752GEA4/WARNING/locust.main: The following option(s) will be ignored: --users, --spawn-rate, --run-time
[2026-04-03 19:18:54,855] DESKTOP-752GEA4/INFO/locust.runners: Shape test starting.
Type     Name                                                                          # reqs      # fails |    Avg     Min     Max    Med |   req/s  failures/s
--------|----------------------------------------------------------------------------|-------|-------------|-------|-------|-------|-------|--------|-----------
--------|----------------------------------------------------------------------------|-------|-------------|-------|-------|-------|-------|--------|-----------
         Aggregated                                                                         0     0(0.00%) |      0       0       0      0 |    0.00        0.00

[2026-04-03 19:18:54,856] DESKTOP-752GEA4/INFO/locust.runners: Shape worker starting
[2026-04-03 19:18:54,856] DESKTOP-752GEA4/INFO/locust.runners: Shape test updating to 100 users at 10.00 spawn rate
[2026-04-03 19:18:54,856] DESKTOP-752GEA4/INFO/locust.runners: Ramping to 100 users at a rate of 10.00 per second
Type     Name                                                                          # reqs      # fails |    Avg     Min     Max    Med |   req/s  failures/s
--------|----------------------------------------------------------------------------|-------|-------------|-------|-------|-------|-------|--------|-----------
POST     add_for_checkout                                                                   1     0(0.00%) |     51      51      51     51 |    0.00        0.00
POST     add_to_cart                                                                        1     0(0.00%) |     56      56      56     56 |    0.00        0.00
GET      browse_catalogue                                                                   2     0(0.00%) |     10       5      15      6 |    0.00        0.00
GET      browse_category                                                                    2     0(0.00%) |      4       3       5      3 |    0.00        0.00
GET      browse_home                                                                        1     0(0.00%) |      2       2       2      2 |    0.00        0.00
POST     checkout                                                                           1     0(0.00%) |     57      57      57     57 |    0.00        0.00
DELETE   clear_cart                                                                         1     0(0.00%) |     11      11      11     11 |    0.00        0.00
GET      login                                                                             20     0(0.00%) |     43      19      82     36 |    0.00        0.00
GET      view_cart                                                                          6     0(0.00%) |      2       1       4      2 |    0.00        0.00
GET      view_item                                                                          7     0(0.00%) |     12       2      48      5 |    0.00        0.00
--------|----------------------------------------------------------------------------|-------|-------------|-------|-------|-------|-------|--------|-----------
         Aggregated                                                                        42     0(0.00%) |     28       1      82     23 |    0.00        0.00

Type     Name                                                                          # reqs      # fails |    Avg     Min     Max    Med |   req/s  failures/s
--------|----------------------------------------------------------------------------|-------|-------------|-------|-------|-------|-------|--------|-----------
POST     add_for_checkout                                                                   1     0(0.00%) |     51      51      51     51 |    0.50        0.00
POST     add_to_cart                                                                        6     0(0.00%) |     46      10      58     52 |    0.50        0.00
GET      browse_catalogue                                                                  11     0(0.00%) |      7       3      15      5 |    1.00        0.00
GET      browse_category                                                                   10     0(0.00%) |      4       1      10      3 |    1.00        0.00
GET      browse_home                                                                       10     0(0.00%) |      3       2       9      3 |    0.50        0.00
POST     checkout                                                                           1     0(0.00%) |     57      57      57     57 |    0.00        0.00
DELETE   clear_cart                                                                         1     0(0.00%) |     11      11      11     11 |    0.50        0.00
GET      login                                                                             40     0(0.00%) |     41      12      82     34 |   10.00        0.00
GET      view_cart                                                                         12     0(0.00%) |      4       1      12      4 |    3.00        0.00
GET      view_item                                                                         10     0(0.00%) |      9       2      48      3 |    3.50        0.00
--------|----------------------------------------------------------------------------|-------|-------------|-------|-------|-------|-------|--------|-----------
         Aggregated                                                                       102     0(0.00%) |     23       1      82     12 |   20.50        0.00

Type     Name                                                                          # reqs      # fails |    Avg     Min     Max    Med |   req/s  failures/s
--------|----------------------------------------------------------------------------|-------|-------------|-------|-------|-------|-------|--------|-----------
POST     add_for_checkout                                                                   2     0(0.00%) |     51      51      51     51 |    0.25        0.00
POST     add_to_cart                                                                       11     0(0.00%) |     48      10      59     55 |    1.50        0.00
GET      browse_catalogue                                                                  25     0(0.00%) |      9       3      19      6 |    2.50        0.00
GET      browse_category                                                                   18     0(0.00%) |      5       1      13      5 |    2.50        0.00
GET      browse_home                                                                       21     0(0.00%) |      5       1      13      4 |    2.50        0.00
POST     checkout                                                                           2     0(0.00%) |     57      57      57     57 |    0.25        0.00
DELETE   clear_cart                                                                         2     0(0.00%) |     12      11      13     11 |    0.25        0.00
GET      login                                                                             60     0(0.00%) |     40      12      82     32 |   10.00        0.00
GET      view_cart                                                                         18     0(0.00%) |      6       1      12      5 |    3.00        0.00
GET      view_item                                                                         25     0(0.00%) |      7       1      48      5 |    2.50        0.00
--------|----------------------------------------------------------------------------|-------|-------------|-------|-------|-------|-------|--------|-----------
         Aggregated                                                                       184     0(0.00%) |     21       1      82     12 |   25.25        0.00

Type     Name                                                                          # reqs      # fails |    Avg     Min     Max    Med |   req/s  failures/s
--------|----------------------------------------------------------------------------|-------|-------------|-------|-------|-------|-------|--------|-----------
POST     add_for_checkout                                                                   5     0(0.00%) |     52      50      56     51 |    0.33        0.00
POST     add_to_cart                                                                       17     0(0.00%) |     50      10      59     54 |    1.67        0.00
GET      browse_catalogue                                                                  39     0(0.00%) |     10       3      27      9 |    4.17        0.00
GET      browse_category                                                                   32     0(0.00%) |      6       1      21      6 |    3.00        0.00
GET      browse_home                                                                       46     0(0.00%) |      7       1      18      5 |    3.33        0.00
POST     checkout                                                                           5    2(40.00%) |     56      53      60     57 |    0.17        0.00
DELETE   clear_cart                                                                         5     0(0.00%) |     10       5      14     11 |    0.33        0.00
GET      login                                                                             80     0(0.00%) |     42      12      89     34 |   10.00        0.00
GET      view_cart                                                                         24     0(0.00%) |      6       1      14      5 |    3.00        0.00
GET      view_item                                                                         37     0(0.00%) |      7       1      48      5 |    4.17        0.00
--------|----------------------------------------------------------------------------|-------|-------------|-------|-------|-------|-------|--------|-----------
         Aggregated                                                                       290     2(0.69%) |     21       1      89     12 |   30.17        0.00

[2026-04-03 19:19:03,926] DESKTOP-752GEA4/INFO/locust.runners: All users spawned: {"SockShopUser": 100} (100 total users)
Type     Name                                                                          # reqs      # fails |    Avg     Min     Max    Med |   req/s  failures/s
--------|----------------------------------------------------------------------------|-------|-------------|-------|-------|-------|-------|--------|-----------
POST     add_for_checkout                                                                  12     0(0.00%) |     53      49      58     52 |    0.50        0.00
POST     add_to_cart                                                                       29     0(0.00%) |     50       8      60     55 |    2.00        0.00
GET      browse_catalogue                                                                  62     0(0.00%) |      9       3      27      7 |    4.62        0.00
GET      browse_category                                                                   43     0(0.00%) |      6       1      21      6 |    3.75        0.00
GET      browse_home                                                                       66     0(0.00%) |      6       1      18      5 |    5.50        0.00
POST     checkout                                                                          12    6(50.00%) |     55      51      60     55 |    0.50        0.25
DELETE   clear_cart                                                                        12     0(0.00%) |     10       5      14     10 |    0.62        0.00
GET      login                                                                            100     0(0.00%) |     41      12      89     31 |    9.38        0.00
GET      view_cart                                                                         30     0(0.00%) |      6       1      14      5 |    2.88        0.00
GET      view_item                                                                         58     0(0.00%) |      7       1      50      5 |    4.50        0.00
--------|----------------------------------------------------------------------------|-------|-------------|-------|-------|-------|-------|--------|-----------
         Aggregated                                                                       424     6(1.42%) |     21       1      89     11 |   34.25        0.25

Type     Name                                                                          # reqs      # fails |    Avg     Min     Max    Med |   req/s  failures/s
--------|----------------------------------------------------------------------------|-------|-------------|-------|-------|-------|-------|--------|-----------
POST     add_for_checkout                                                                  22     0(0.00%) |     54      48      67     52 |    0.80        0.00
POST     add_to_cart                                                                       37     0(0.00%) |     51       8      60     55 |    2.40        0.00
GET      browse_catalogue                                                                  75     0(0.00%) |      9       3      27      7 |    5.80        0.00
GET      browse_category                                                                   60     0(0.00%) |      6       1      21      6 |    4.30        0.00
GET      browse_home                                                                       94     0(0.00%) |      6       1      18      5 |    6.00        0.00
POST     checkout                                                                          22    8(36.36%) |     57      51      63     58 |    0.80        0.50
DELETE   clear_cart                                                                        22     0(0.00%) |      9       5      14      9 |    1.10        0.00
GET      login                                                                            100     0(0.00%) |     41      12      89     31 |    9.80        0.00
GET      view_cart                                                                         40     0(0.00%) |      6       1      14      6 |    2.90        0.00
GET      view_item                                                                         72     0(0.00%) |      7       1      50      5 |    5.50        0.00
--------|----------------------------------------------------------------------------|-------|-------------|-------|-------|-------|-------|--------|-----------
         Aggregated                                                                       544     8(1.47%) |     20       1      89      9 |   39.40        0.50

Type     Name                                                                          # reqs      # fails |    Avg     Min     Max    Med |   req/s  failures/s
--------|----------------------------------------------------------------------------|-------|-------------|-------|-------|-------|-------|--------|-----------
POST     add_for_checkout                                                                  26     0(0.00%) |     54      48      67     53 |    1.40        0.00
POST     add_to_cart                                                                       48     0(0.00%) |     50       8      60     55 |    2.90        0.00
GET      browse_catalogue                                                                  89     0(0.00%) |      9       3      27      7 |    6.80        0.00
GET      browse_category                                                                   78     0(0.00%) |      6       1      47      6 |    5.50        0.00
GET      browse_home                                                                      118     0(0.00%) |      6       1      18      5 |    9.00        0.00
POST     checkout                                                                          26    9(34.62%) |     56      51      63     57 |    1.50        0.80
DELETE   clear_cart                                                                        26     0(0.00%) |      9       5      14      9 |    1.60        0.00
GET      login                                                                            100     0(0.00%) |     41      12      89     31 |    8.00        0.00
GET      view_cart                                                                         47     0(0.00%) |      5       1      14      5 |    3.30        0.00
GET      view_item                                                                         94     0(0.00%) |      7       1      50      6 |    6.10        0.00
--------|----------------------------------------------------------------------------|-------|-------------|-------|-------|-------|-------|--------|-----------
         Aggregated                                                                       652     9(1.38%) |     19       1      89      9 |   46.10        0.80

Type     Name                                                                          # reqs      # fails |    Avg     Min     Max    Med |   req/s  failures/s
--------|----------------------------------------------------------------------------|-------|-------------|-------|-------|-------|-------|--------|-----------
POST     add_for_checkout                                                                  29     0(0.00%) |     54      48      67     53 |    2.20        0.00
POST     add_to_cart                                                                       52     0(0.00%) |     51       8      60     55 |    3.70        0.00
GET      browse_catalogue                                                                 112     0(0.00%) |      8       3      27      7 |    7.60        0.00
GET      browse_category                                                                   93     0(0.00%) |      6       1      47      6 |    5.90        0.00
GET      browse_home                                                                      137     0(0.00%) |      6       1      18      5 |   10.30        0.00
POST     checkout                                                                          29    9(31.03%) |     57      51      63     58 |    2.20        0.90
DELETE   clear_cart                                                                        29     0(0.00%) |      9       5      14      9 |    2.30        0.00
GET      login                                                                            100     0(0.00%) |     41      12      89     31 |    6.00        0.00
GET      view_cart                                                                         58     0(0.00%) |      6       1      14      5 |    3.10        0.00
GET      view_item                                                                        119     0(0.00%) |      7       1      50      6 |    8.00        0.00
--------|----------------------------------------------------------------------------|-------|-------------|-------|-------|-------|-------|--------|-----------
         Aggregated                                                                       758     9(1.19%) |     18       1      89      8 |   51.30        0.90

Type     Name                                                                          # reqs      # fails |    Avg     Min     Max    Med |   req/s  failures/s
--------|----------------------------------------------------------------------------|-------|-------------|-------|-------|-------|-------|--------|-----------
POST     add_for_checkout                                                                  36     0(0.00%) |     54      48      67     53 |    2.60        0.00
POST     add_to_cart                                                                       59     0(0.00%) |     51       8      60     55 |    4.20        0.00
GET      browse_catalogue                                                                 139     0(0.00%) |      8       3      27      8 |    7.40        0.00
GET      browse_category                                                                  108     0(0.00%) |      6       1      47      6 |    6.60        0.00
GET      browse_home                                                                      155     0(0.00%) |      6       1      18      5 |   10.80        0.00
POST     checkout                                                                          36    9(25.00%) |     57      51      65     58 |    2.70        0.90
DELETE   clear_cart                                                                        36     0(0.00%) |      9       5      17     10 |    2.60        0.00
GET      login                                                                            100     0(0.00%) |     41      12      89     31 |    4.00        0.00
GET      view_cart                                                                         65     0(0.00%) |      6       1      18      5 |    3.30        0.00
GET      view_item                                                                        138     0(0.00%) |      7       1      50      6 |    8.30        0.00
--------|----------------------------------------------------------------------------|-------|-------------|-------|-------|-------|-------|--------|-----------
         Aggregated                                                                       872     9(1.03%) |     18       1      89      8 |   52.50        0.90

Type     Name                                                                          # reqs      # fails |    Avg     Min     Max    Med |   req/s  failures/s
--------|----------------------------------------------------------------------------|-------|-------------|-------|-------|-------|-------|--------|-----------
POST     add_for_checkout                                                                  40     0(0.00%) |     54      48      67     52 |    2.70        0.00
POST     add_to_cart                                                                       69     0(0.00%) |     51       7      60     55 |    4.10        0.00
GET      browse_catalogue                                                                 159     0(0.00%) |      8       3      27      8 |    8.90        0.00
GET      browse_category                                                                  125     0(0.00%) |      6       1      47      5 |    7.10        0.00
GET      browse_home                                                                      177     0(0.00%) |      6       1      18      5 |   10.30        0.00
POST     checkout                                                                          40   11(27.50%) |     57      51      65     58 |    2.70        0.70
DELETE   clear_cart                                                                        40     0(0.00%) |      9       3      17      9 |    2.60        0.00
GET      login                                                                            100     0(0.00%) |     41      12      89     31 |    2.50        0.00
GET      view_cart                                                                         74     0(0.00%) |      6       1      43      5 |    3.60        0.00
GET      view_item                                                                        156     0(0.00%) |      6       1      50      5 |    9.30        0.00
--------|----------------------------------------------------------------------------|-------|-------------|-------|-------|-------|-------|--------|-----------
         Aggregated                                                                       980    11(1.12%) |     17       1      89      8 |   53.80        0.70

Type     Name                                                                          # reqs      # fails |    Avg     Min     Max    Med |   req/s  failures/s
--------|----------------------------------------------------------------------------|-------|-------------|-------|-------|-------|-------|--------|-----------
POST     add_for_checkout                                                                  45     0(0.00%) |     53      47      67     52 |    3.10        0.00
POST     add_to_cart                                                                       76     0(0.00%) |     51       7      60     54 |    4.10        0.00
GET      browse_catalogue                                                                 181     0(0.00%) |      8       3      27      7 |    9.00        0.00
GET      browse_category                                                                  142     0(0.00%) |      6       1      47      5 |    7.30        0.00
GET      browse_home                                                                      196     0(0.00%) |      6       1      46      5 |   10.30        0.00
POST     checkout                                                                          45   11(24.44%) |     57      51      67     58 |    3.10        0.60
DELETE   clear_cart                                                                        45     0(0.00%) |      8       3      17      9 |    2.80        0.00
GET      login                                                                            100     0(0.00%) |     41      12      89     31 |    0.20        0.00
GET      view_cart                                                                         86     0(0.00%) |      6       1      43      5 |    4.20        0.00
GET      view_item                                                                        174     0(0.00%) |      6       1      50      5 |    9.30        0.00
--------|----------------------------------------------------------------------------|-------|-------------|-------|-------|-------|-------|--------|-----------
         Aggregated                                                                      1090    11(1.01%) |     17       1      89      7 |   53.40        0.60

Type     Name                                                                          # reqs      # fails |    Avg     Min     Max    Med |   req/s  failures/s
--------|----------------------------------------------------------------------------|-------|-------------|-------|-------|-------|-------|--------|-----------
POST     add_for_checkout                                                                  51     0(0.00%) |     53      47      67     52 |    2.80        0.00
POST     add_to_cart                                                                       85     0(0.00%) |     50       7      60     54 |    4.40        0.00
GET      browse_catalogue                                                                 198     0(0.00%) |      8       3      27      7 |   10.00        0.00
GET      browse_category                                                                  157     0(0.00%) |      6       1      47      5 |    7.70        0.00
GET      browse_home                                                                      225     0(0.00%) |      6       1      46      5 |    9.10        0.00
POST     checkout                                                                          51   13(25.49%) |     57      51      67     58 |    2.80        0.30
DELETE   clear_cart                                                                        51     0(0.00%) |      8       3      17      8 |    2.60        0.00
GET      login                                                                            100     0(0.00%) |     41      12      89     31 |    0.00        0.00
GET      view_cart                                                                         91     0(0.00%) |      6       1      43      5 |    4.20        0.00
GET      view_item                                                                        193     0(0.00%) |      6       1      50      5 |    9.80        0.00
--------|----------------------------------------------------------------------------|-------|-------------|-------|-------|-------|-------|--------|-----------
         Aggregated                                                                      1202    13(1.08%) |     16       1      89      7 |   53.40        0.30

Type     Name                                                                          # reqs      # fails |    Avg     Min     Max    Med |   req/s  failures/s
--------|----------------------------------------------------------------------------|-------|-------------|-------|-------|-------|-------|--------|-----------
POST     add_for_checkout                                                                  53     0(0.00%) |     53      47      67     52 |    2.50        0.00
POST     add_to_cart                                                                       90     0(0.00%) |     50       7      60     53 |    3.70        0.00
GET      browse_catalogue                                                                 216     0(0.00%) |      8       3      27      7 |   10.60        0.00
GET      browse_category                                                                  174     0(0.00%) |      5       1      47      5 |    7.90        0.00
GET      browse_home                                                                      251     0(0.00%) |      5       1      46      5 |    9.70        0.00
POST     checkout                                                                          53   13(24.53%) |     57      51      67     58 |    2.50        0.30
DELETE   clear_cart                                                                        53     0(0.00%) |      8       3      17      8 |    2.40        0.00
GET      login                                                                            100     0(0.00%) |     41      12      89     31 |    0.00        0.00
GET      view_cart                                                                        101     0(0.00%) |      5       1      43      5 |    4.50        0.00
GET      view_item                                                                        215     0(0.00%) |      6       1      50      5 |    9.40        0.00
--------|----------------------------------------------------------------------------|-------|-------------|-------|-------|-------|-------|--------|-----------
         Aggregated                                                                      1306    13(1.00%) |     16       1      89      7 |   53.20        0.30

Type     Name                                                                          # reqs      # fails |    Avg     Min     Max    Med |   req/s  failures/s
--------|----------------------------------------------------------------------------|-------|-------------|-------|-------|-------|-------|--------|-----------
POST     add_for_checkout                                                                  61     0(0.00%) |     53      47      67     52 |    2.50        0.00
POST     add_to_cart                                                                       99     0(0.00%) |     51       7      60     53 |    3.60        0.00
GET      browse_catalogue                                                                 234     0(0.00%) |      8       3      27      7 |   10.50        0.00
GET      browse_category                                                                  193     0(0.00%) |      5       1      47      5 |    8.10        0.00
GET      browse_home                                                                      274     0(0.00%) |      5       1      46      5 |   11.00        0.00
POST     checkout                                                                          61   13(21.31%) |     57      51      67     58 |    2.50        0.40
DELETE   clear_cart                                                                        61     0(0.00%) |      8       3      17      7 |    2.50        0.00
GET      login                                                                            100     0(0.00%) |     41      12      89     31 |    0.00        0.00
GET      view_cart                                                                        107     0(0.00%) |      6       1      43      5 |    4.60        0.00
GET      view_item                                                                        232     0(0.00%) |      6       1      50      5 |    9.70        0.00
--------|----------------------------------------------------------------------------|-------|-------------|-------|-------|-------|-------|--------|-----------
         Aggregated                                                                      1422    13(0.91%) |     16       1      89      7 |   55.00        0.40

Type     Name                                                                          # reqs      # fails |    Avg     Min     Max    Med |   req/s  failures/s
--------|----------------------------------------------------------------------------|-------|-------------|-------|-------|-------|-------|--------|-----------
POST     add_for_checkout                                                                  67     0(0.00%) |     53      47      67     52 |    2.60        0.00
POST     add_to_cart                                                                      110     0(0.00%) |     51       7      60     54 |    3.80        0.00
GET      browse_catalogue                                                                 243     0(0.00%) |      8       3      27      7 |    9.70        0.00
GET      browse_category                                                                  219     0(0.00%) |      5       1      47      5 |    8.40        0.00
GET      browse_home                                                                      290     0(0.00%) |      5       1      46      5 |   11.50        0.00
POST     checkout                                                                          67   17(25.37%) |     57      51      67     58 |    2.60        0.40
DELETE   clear_cart                                                                        67     0(0.00%) |      8       3      17      8 |    2.60        0.00
GET      login                                                                            100     0(0.00%) |     41      12      89     31 |    0.00        0.00
GET      view_cart                                                                        115     0(0.00%) |      5       1      43      5 |    4.50        0.00
GET      view_item                                                                        256     0(0.00%) |      6       1      50      5 |    9.50        0.00
--------|----------------------------------------------------------------------------|-------|-------------|-------|-------|-------|-------|--------|-----------
         Aggregated                                                                      1534    17(1.11%) |     16       1      89      7 |   55.20        0.40

Type     Name                                                                          # reqs      # fails |    Avg     Min     Max    Med |   req/s  failures/s
--------|----------------------------------------------------------------------------|-------|-------------|-------|-------|-------|-------|--------|-----------
POST     add_for_checkout                                                                  70     0(0.00%) |     53      47      67     52 |    2.40        0.00
POST     add_to_cart                                                                      116     0(0.00%) |     51       7      60     54 |    4.10        0.00
GET      browse_catalogue                                                                 261     0(0.00%) |      7       3      27      7 |    8.90        0.00
GET      browse_category                                                                  234     0(0.00%) |      5       1      47      5 |    8.70        0.00
GET      browse_home                                                                      312     0(0.00%) |      5       1      48      5 |   11.90        0.00
POST     checkout                                                                          70   17(24.29%) |     57      51      67     57 |    2.40        0.40
DELETE   clear_cart                                                                        70     0(0.00%) |      8       3      17      8 |    2.40        0.00
GET      login                                                                            100     0(0.00%) |     41      12      89     31 |    0.00        0.00
GET      view_cart                                                                        124     0(0.00%) |      5       1      43      5 |    4.10        0.00
GET      view_item                                                                        283     0(0.00%) |      5       1      50      5 |    9.90        0.00
--------|----------------------------------------------------------------------------|-------|-------------|-------|-------|-------|-------|--------|-----------
         Aggregated                                                                      1640    17(1.04%) |     15       1      89      6 |   54.80        0.40

Type     Name                                                                          # reqs      # fails |    Avg     Min     Max    Med |   req/s  failures/s
--------|----------------------------------------------------------------------------|-------|-------------|-------|-------|-------|-------|--------|-----------
POST     add_for_checkout                                                                  75     0(0.00%) |     53      47      67     52 |    2.70        0.00
POST     add_to_cart                                                                      125     1(0.80%) |     51       7      60     54 |    3.90        0.00
GET      browse_catalogue                                                                 271     0(0.00%) |      7       3      27      7 |    8.20        0.00
GET      browse_category                                                                  255     0(0.00%) |      5       1      47      4 |    9.20        0.00
GET      browse_home                                                                      337     0(0.00%) |      5       1      48      5 |   11.60        0.00
POST     checkout                                                                          75   18(24.00%) |     57      15      67     57 |    2.70        0.60
DELETE   clear_cart                                                                        75     0(0.00%) |      8       3      18      7 |    2.70        0.00
GET      login                                                                            100     0(0.00%) |     41      12      89     31 |    0.00        0.00
GET      view_cart                                                                        132     0(0.00%) |      5       1      43      5 |    3.80        0.00
GET      view_item                                                                        305     0(0.00%) |      5       1      50      5 |   10.60        0.00
--------|----------------------------------------------------------------------------|-------|-------------|-------|-------|-------|-------|--------|-----------
         Aggregated                                                                      1750    19(1.09%) |     15       1      89      6 |   55.40        0.60

Type     Name                                                                          # reqs      # fails |    Avg     Min     Max    Med |   req/s  failures/s
--------|----------------------------------------------------------------------------|-------|-------------|-------|-------|-------|-------|--------|-----------
POST     add_for_checkout                                                                  76     0(0.00%) |     53      47      67     52 |    2.30        0.00
POST     add_to_cart                                                                      132     1(0.76%) |     51       7      60     54 |    4.10        0.00
GET      browse_catalogue                                                                 294     0(0.00%) |      7       3      27      6 |    7.20        0.00
GET      browse_category                                                                  272     0(0.00%) |      5       1      47      4 |    9.80        0.00
GET      browse_home                                                                      363     0(0.00%) |      6       1      48      5 |   11.80        0.00
POST     checkout                                                                          76   18(23.68%) |     57      15      67     57 |    2.30        0.60
DELETE   clear_cart                                                                        76     0(0.00%) |      8       3      18      7 |    2.30        0.00
GET      login                                                                            100     0(0.00%) |     41      12      89     31 |    0.00        0.00
GET      view_cart                                                                        138     0(0.00%) |      5       1      43      5 |    3.90        0.00
GET      view_item                                                                        325     0(0.00%) |      5       1      50      5 |   10.90        0.00
--------|----------------------------------------------------------------------------|-------|-------------|-------|-------|-------|-------|--------|-----------
         Aggregated                                                                      1852    19(1.03%) |     15       1      89      6 |   54.60        0.60

Type     Name                                                                          # reqs      # fails |    Avg     Min     Max    Med |   req/s  failures/s
--------|----------------------------------------------------------------------------|-------|-------------|-------|-------|-------|-------|--------|-----------
POST     add_for_checkout                                                                  79     0(0.00%) |     53      47      67     52 |    2.30        0.00
POST     add_to_cart                                                                      141     1(0.71%) |     51       7      60     54 |    4.10        0.10
GET      browse_catalogue                                                                 313     0(0.00%) |      7       3      27      6 |    7.70        0.00
GET      browse_category                                                                  293     0(0.00%) |      5       1      47      4 |   10.00        0.00
GET      browse_home                                                                      386     0(0.00%) |      5       1      48      5 |   11.00        0.00
POST     checkout                                                                          79   19(24.05%) |     57      15      67     57 |    2.30        0.50
DELETE   clear_cart                                                                        79     0(0.00%) |      8       3      18      7 |    2.30        0.00
GET      login                                                                            100     0(0.00%) |     41      12      89     31 |    0.00        0.00
GET      view_cart                                                                        144     0(0.00%) |      5       1      50      5 |    3.80        0.00
GET      view_item                                                                        344     0(0.00%) |      5       1      50      5 |   11.10        0.00
--------|----------------------------------------------------------------------------|-------|-------------|-------|-------|-------|-------|--------|-----------
         Aggregated                                                                      1958    20(1.02%) |     15       1      89      6 |   54.60        0.60

Type     Name                                                                          # reqs      # fails |    Avg     Min     Max    Med |   req/s  failures/s
--------|----------------------------------------------------------------------------|-------|-------------|-------|-------|-------|-------|--------|-----------
POST     add_for_checkout                                                                  84     0(0.00%) |     53      47      67     52 |    2.10        0.00
POST     add_to_cart                                                                      154     1(0.65%) |     51       7      64     53 |    4.20        0.10
GET      browse_catalogue                                                                 328     0(0.00%) |      7       3      27      6 |    8.20        0.00
GET      browse_category                                                                  310     0(0.00%) |      5       1      47      4 |   10.10        0.00
GET      browse_home                                                                      407     0(0.00%) |      5       1      48      5 |   11.20        0.00
POST     checkout                                                                          84   19(22.62%) |     56      15      67     57 |    2.10        0.50
DELETE   clear_cart                                                                        84     0(0.00%) |      8       3      18      7 |    2.10        0.00
GET      login                                                                            100     0(0.00%) |     41      12      89     31 |    0.00        0.00
GET      view_cart                                                                        152     0(0.00%) |      6       1      50      5 |    3.40        0.00
GET      view_item                                                                        365     0(0.00%) |      5       1      50      4 |   10.80        0.00
--------|----------------------------------------------------------------------------|-------|-------------|-------|-------|-------|-------|--------|-----------
         Aggregated                                                                      2068    20(0.97%) |     15       1      89      6 |   54.20        0.60

